# Logfile created on 2013-10-22 17:44:55 +0200 by logger.rb/36483
D, [2013-10-22T17:44:55.651694 #6156] DEBUG -- : REQUESTING PAGE: GET / with {} and HTTP headers {}
D, [2013-10-22T17:44:55.698780 #6156] DEBUG -- : REQUESTING PAGE: GET /about with {} and HTTP headers {"HTTP_REFERER"=>"/"}
D, [2013-10-22T17:44:55.786325 #6156] DEBUG -- : REQUESTING PAGE: GET /help with {} and HTTP headers {"HTTP_REFERER"=>"/about"}
D, [2013-10-22T17:44:55.825477 #6156] DEBUG -- : REQUESTING PAGE: GET /contact with {} and HTTP headers {"HTTP_REFERER"=>"/help"}
D, [2013-10-22T17:44:55.875672 #6156] DEBUG -- : REQUESTING PAGE: GET / with {} and HTTP headers {"HTTP_REFERER"=>"/contact"}
D, [2013-10-22T17:44:55.914481 #6156] DEBUG -- : REQUESTING PAGE: GET /signup with {} and HTTP headers {"HTTP_REFERER"=>"/"}
D, [2013-10-22T17:47:14.689430 #6165] DEBUG -- : REQUESTING PAGE: GET / with {} and HTTP headers {}
D, [2013-10-22T17:47:14.771423 #6165] DEBUG -- : REQUESTING PAGE: GET /about with {} and HTTP headers {"HTTP_REFERER"=>"/"}
D, [2013-10-22T17:47:14.807814 #6165] DEBUG -- : REQUESTING PAGE: GET /help with {} and HTTP headers {"HTTP_REFERER"=>"/about"}
D, [2013-10-22T17:47:14.845915 #6165] DEBUG -- : REQUESTING PAGE: GET /contact with {} and HTTP headers {"HTTP_REFERER"=>"/help"}
D, [2013-10-22T17:47:14.881453 #6165] DEBUG -- : REQUESTING PAGE: GET / with {} and HTTP headers {"HTTP_REFERER"=>"/contact"}
D, [2013-10-22T17:47:14.917450 #6165] DEBUG -- : REQUESTING PAGE: GET /signup with {} and HTTP headers {"HTTP_REFERER"=>"/"}
D, [2013-10-22T17:49:04.976573 #6174] DEBUG -- : REQUESTING PAGE: GET / with {} and HTTP headers {}
D, [2013-10-22T17:49:05.013735 #6174] DEBUG -- : REQUESTING PAGE: GET /about with {} and HTTP headers {"HTTP_REFERER"=>"/"}
D, [2013-10-22T17:49:05.125477 #6174] DEBUG -- : REQUESTING PAGE: GET /help with {} and HTTP headers {"HTTP_REFERER"=>"/about"}
D, [2013-10-22T17:49:05.166540 #6174] DEBUG -- : REQUESTING PAGE: GET /contact with {} and HTTP headers {"HTTP_REFERER"=>"/help"}
D, [2013-10-22T17:49:05.202995 #6174] DEBUG -- : REQUESTING PAGE: GET / with {} and HTTP headers {"HTTP_REFERER"=>"/contact"}
D, [2013-10-22T17:49:05.239109 #6174] DEBUG -- : REQUESTING PAGE: GET /signup with {} and HTTP headers {"HTTP_REFERER"=>"/"}
D, [2013-10-22T17:50:09.613301 #6181] DEBUG -- : REQUESTING PAGE: GET / with {} and HTTP headers {}
D, [2013-10-22T17:50:09.695095 #6181] DEBUG -- : REQUESTING PAGE: GET /about with {} and HTTP headers {"HTTP_REFERER"=>"/"}
D, [2013-10-22T17:50:09.730868 #6181] DEBUG -- : REQUESTING PAGE: GET /help with {} and HTTP headers {"HTTP_REFERER"=>"/about"}
D, [2013-10-22T17:50:09.768593 #6181] DEBUG -- : REQUESTING PAGE: GET /contact with {} and HTTP headers {"HTTP_REFERER"=>"/help"}
D, [2013-10-22T17:50:09.803930 #6181] DEBUG -- : REQUESTING PAGE: GET / with {} and HTTP headers {"HTTP_REFERER"=>"/contact"}
D, [2013-10-22T17:50:09.839876 #6181] DEBUG -- : REQUESTING PAGE: GET /signup with {} and HTTP headers {"HTTP_REFERER"=>"/"}
D, [2013-10-23T15:47:45.717486 #6135] DEBUG -- : REQUESTING PAGE: GET / with {} and HTTP headers {}
D, [2013-10-23T15:47:45.876030 #6135] DEBUG -- : REQUESTING PAGE: GET /about with {} and HTTP headers {"HTTP_REFERER"=>"/"}
D, [2013-10-23T15:47:45.916867 #6135] DEBUG -- : REQUESTING PAGE: GET /help with {} and HTTP headers {"HTTP_REFERER"=>"/about"}
D, [2013-10-23T15:47:45.953743 #6135] DEBUG -- : REQUESTING PAGE: GET /contact with {} and HTTP headers {"HTTP_REFERER"=>"/help"}
D, [2013-10-23T15:47:45.989727 #6135] DEBUG -- : REQUESTING PAGE: GET / with {} and HTTP headers {"HTTP_REFERER"=>"/contact"}
D, [2013-10-23T15:47:46.025784 #6135] DEBUG -- : REQUESTING PAGE: GET /signup with {} and HTTP headers {"HTTP_REFERER"=>"/"}
D, [2013-10-23T16:26:11.768210 #6446] DEBUG -- : REQUESTING PAGE: GET / with {} and HTTP headers {}
D, [2013-10-23T16:26:11.807764 #6446] DEBUG -- : REQUESTING PAGE: GET /about with {} and HTTP headers {"HTTP_REFERER"=>"/"}
D, [2013-10-23T16:26:11.845549 #6446] DEBUG -- : REQUESTING PAGE: GET /help with {} and HTTP headers {"HTTP_REFERER"=>"/about"}
D, [2013-10-23T16:26:11.884274 #6446] DEBUG -- : REQUESTING PAGE: GET /contact with {} and HTTP headers {"HTTP_REFERER"=>"/help"}
D, [2013-10-23T16:26:11.920993 #6446] DEBUG -- : REQUESTING PAGE: GET / with {} and HTTP headers {"HTTP_REFERER"=>"/contact"}
D, [2013-10-23T16:26:11.957432 #6446] DEBUG -- : REQUESTING PAGE: GET /signup with {} and HTTP headers {"HTTP_REFERER"=>"/"}
D, [2013-10-23T16:27:34.233687 #6483] DEBUG -- : REQUESTING PAGE: GET / with {} and HTTP headers {}
D, [2013-10-23T16:27:34.273941 #6483] DEBUG -- : REQUESTING PAGE: GET /about with {} and HTTP headers {"HTTP_REFERER"=>"/"}
D, [2013-10-23T16:27:34.310955 #6483] DEBUG -- : REQUESTING PAGE: GET /help with {} and HTTP headers {"HTTP_REFERER"=>"/about"}
D, [2013-10-23T16:27:34.423745 #6483] DEBUG -- : REQUESTING PAGE: GET /contact with {} and HTTP headers {"HTTP_REFERER"=>"/help"}
D, [2013-10-23T16:27:34.464039 #6483] DEBUG -- : REQUESTING PAGE: GET / with {} and HTTP headers {"HTTP_REFERER"=>"/contact"}
D, [2013-10-23T16:27:34.500683 #6483] DEBUG -- : REQUESTING PAGE: GET /signup with {} and HTTP headers {"HTTP_REFERER"=>"/"}
D, [2013-10-23T16:28:14.538906 #6501] DEBUG -- : REQUESTING PAGE: GET / with {} and HTTP headers {}
D, [2013-10-23T16:28:14.624908 #6501] DEBUG -- : REQUESTING PAGE: GET /about with {} and HTTP headers {"HTTP_REFERER"=>"/"}
D, [2013-10-23T16:28:14.661185 #6501] DEBUG -- : REQUESTING PAGE: GET /help with {} and HTTP headers {"HTTP_REFERER"=>"/about"}
D, [2013-10-23T16:28:14.699058 #6501] DEBUG -- : REQUESTING PAGE: GET /contact with {} and HTTP headers {"HTTP_REFERER"=>"/help"}
D, [2013-10-23T16:28:14.734819 #6501] DEBUG -- : REQUESTING PAGE: GET / with {} and HTTP headers {"HTTP_REFERER"=>"/contact"}
D, [2013-10-23T16:28:14.770695 #6501] DEBUG -- : REQUESTING PAGE: GET /signup with {} and HTTP headers {"HTTP_REFERER"=>"/"}
D, [2013-10-23T16:35:51.692141 #6554] DEBUG -- : REQUESTING PAGE: GET / with {} and HTTP headers {}
D, [2013-10-23T16:35:51.858518 #6554] DEBUG -- : REQUESTING PAGE: GET /about with {} and HTTP headers {"HTTP_REFERER"=>"/"}
D, [2013-10-23T16:35:51.895328 #6554] DEBUG -- : REQUESTING PAGE: GET /help with {} and HTTP headers {"HTTP_REFERER"=>"/about"}
D, [2013-10-23T16:35:51.933627 #6554] DEBUG -- : REQUESTING PAGE: GET /contact with {} and HTTP headers {"HTTP_REFERER"=>"/help"}
D, [2013-10-23T16:35:51.969291 #6554] DEBUG -- : REQUESTING PAGE: GET / with {} and HTTP headers {"HTTP_REFERER"=>"/contact"}
D, [2013-10-23T16:35:52.004876 #6554] DEBUG -- : REQUESTING PAGE: GET /signup with {} and HTTP headers {"HTTP_REFERER"=>"/"}
